<?xml version="1.0" encoding="UTF-8"?>
<!-- Generated by org.testng.reporters.JUnitReportReporter -->
<testsuite hostname="ramesh987" failures="0" tests="2" name="testng3.C2" time="0.003" errors="0" timestamp="2024-09-18T01:36:39 IST" skipped="0">
  <testcase classname="testng3.C2" name="at" time="0.002"/>
  <testcase classname="testng3.C2" name="at" time="0.001"/>
</testsuite> <!-- testng3.C2 -->
