<?xml version="1.0" encoding="UTF-8"?>
<!-- Generated by org.testng.reporters.JUnitReportReporter -->
<testsuite hostname="ramesh987" failures="0" tests="2" name="paralleltest.ParallelAndCrossBrowserTesting" time="0.014" errors="0" timestamp="2024-09-20T01:59:35 IST" skipped="0">
  <testcase classname="paralleltest.ParallelAndCrossBrowserTesting" name="testLogin" time="0.003"/>
  <testcase classname="paralleltest.ParallelAndCrossBrowserTesting" name="testLogin" time="0.011"/>
</testsuite> <!-- paralleltest.ParallelAndCrossBrowserTesting -->
