<?xml version="1.0" encoding="UTF-8"?>
<!-- Generated by org.testng.reporters.JUnitReportReporter -->
<testsuite hostname="ramesh987" failures="0" tests="2" name="testng2.AllAnnotations" time="0.021" errors="0" timestamp="2024-09-18T01:54:24 IST" skipped="0">
  <testcase classname="testng2.AllAnnotations" name="test1" time="0.015"/>
  <testcase classname="testng2.AllAnnotations" name="test2" time="0.006"/>
</testsuite> <!-- testng2.AllAnnotations -->
