<?xml version="1.0" encoding="UTF-8"?>
<!-- Generated by org.testng.reporters.JUnitReportReporter -->
<testsuite hostname="ramesh987" failures="0" tests="4" name="testng.OrangeHRMTestTest" time="32.308" errors="0" timestamp="2024-09-17T23:38:07 IST" skipped="0">
  <testcase classname="testng.OrangeHRMTestTest" name="openApp" time="12.245"/>
  <testcase classname="testng.OrangeHRMTestTest" name="testLogo" time="1.401"/>
  <testcase classname="testng.OrangeHRMTestTest" name="testLogin" time="16.988"/>
  <testcase classname="testng.OrangeHRMTestTest" name="closeApp" time="1.674"/>
</testsuite> <!-- testng.OrangeHRMTestTest -->
