<?xml version="1.0" encoding="UTF-8"?>
<!-- Generated by org.testng.reporters.JUnitReportReporter -->
<testsuite hostname="ramesh987" failures="0" tests="2" name="grouping.TestPayment" time="0.017" errors="0" timestamp="2024-09-19T00:04:51 IST" skipped="0">
  <testcase classname="grouping.TestPayment" name="testPaymentRupees" time="0.015"/>
  <testcase classname="grouping.TestPayment" name="testPaymentDollars" time="0.002"/>
</testsuite> <!-- grouping.TestPayment -->
