<?xml version="1.0" encoding="UTF-8"?>
<!-- Generated by org.testng.reporters.JUnitReportReporter -->
<testsuite hostname="ramesh987" failures="0" tests="1" name="useri.LoginTestTest" time="0.011" errors="0" timestamp="2024-09-17T23:52:01 IST" skipped="0">
  <testcase classname="useri.LoginTestTest" name="f" time="0.011"/>
</testsuite> <!-- useri.LoginTestTest -->
