<?xml version="1.0" encoding="UTF-8"?>
<!-- Generated by org.testng.reporters.JUnitReportReporter -->
<testsuite hostname="ramesh987" failures="0" tests="3" name="dataprov.DataProvider" time="30.299" errors="0" timestamp="2024-09-20T00:28:54 IST" skipped="0">
  <testcase classname="dataprov.DataProvider" name="testLogin" time="6.903"/>
  <testcase classname="dataprov.DataProvider" name="testLogin" time="12.112"/>
  <testcase classname="dataprov.DataProvider" name="testLogin" time="11.284"/>
</testsuite> <!-- dataprov.DataProvider -->
