<?xml version="1.0" encoding="UTF-8"?>
<!-- Generated by org.testng.reporters.JUnitReportReporter -->
<testsuite hostname="ramesh987" failures="0" tests="2" name="grouping.TestLogin" time="0.012" errors="0" timestamp="2024-09-18T23:47:59 IST" skipped="0">
  <testcase classname="grouping.TestLogin" name="testLoginEmail" time="0.010"/>
  <testcase classname="grouping.TestLogin" name="testLoginFacebook" time="0.002"/>
</testsuite> <!-- grouping.TestLogin -->
