<?xml version="1.0" encoding="UTF-8"?>
<!-- Generated by org.testng.reporters.JUnitReportReporter -->
<testsuite hostname="ramesh987" failures="0" tests="2" name="testng1.AnnotationsDemo1" time="0.029" errors="0" timestamp="2024-09-18T00:33:56 IST" skipped="0">
  <testcase classname="testng1.AnnotationsDemo1" name="testSearch" time="0.014"/>
  <testcase classname="testng1.AnnotationsDemo1" name="testAdvsearch" time="0.015"/>
</testsuite> <!-- testng1.AnnotationsDemo1 -->
