<?xml version="1.0" encoding="UTF-8"?>
<!-- Generated by org.testng.reporters.JUnitReportReporter -->
<testsuite hostname="ramesh987" failures="0" tests="2" name="testng2.Annotations1" time="0.024" errors="0" timestamp="2024-09-18T01:24:20 IST" skipped="0">
  <testcase classname="testng2.Annotations1" name="testSearch" time="0.014"/>
  <testcase classname="testng2.Annotations1" name="testAdv" time="0.010"/>
</testsuite> <!-- testng2.Annotations1 -->
