<?xml version="1.0" encoding="UTF-8"?>
<!-- Generated by org.testng.reporters.JUnitReportReporter -->
<testsuite hostname="ramesh987" failures="0" tests="1" name="testng3.C1" time="0.012" errors="0" timestamp="2024-09-18T01:36:39 IST" skipped="0">
  <testcase classname="testng3.C1" name="bt" time="0.012"/>
</testsuite> <!-- testng3.C1 -->
