<?xml version="1.0" encoding="UTF-8"?>
<!-- Generated by org.testng.reporters.JUnitReportReporter -->
<testsuite hostname="ramesh987" failures="0" tests="2" name="testng1.Annotation2" time="0.015" errors="0" timestamp="2024-09-18T00:54:06 IST" skipped="0">
  <testcase classname="testng1.Annotation2" name="testSearch" time="0.013"/>
  <testcase classname="testng1.Annotation2" name="testAdvsearch" time="0.002"/>
</testsuite> <!-- testng1.Annotation2 -->
