<?xml version="1.0" encoding="UTF-8"?>
<!-- Generated by org.testng.reporters.JUnitReportReporter -->
<testsuite hostname="ramesh987" failures="0" tests="3" name="testng.FirstTestCase" time="0.012" errors="0" timestamp="2024-09-17T23:38:07 IST" skipped="0">
  <testcase classname="testng.FirstTestCase" name="openApp" time="0.005"/>
  <testcase classname="testng.FirstTestCase" name="loginApp" time="0.004"/>
  <testcase classname="testng.FirstTestCase" name="closeApp" time="0.003"/>
</testsuite> <!-- testng.FirstTestCase -->
