<?xml version="1.0" encoding="UTF-8"?>
<!-- Generated by org.testng.reporters.JUnitReportReporter -->
<testsuite hostname="ramesh987" failures="0" tests="2" name="grouping.TestSignUp" time="0.014" errors="0" timestamp="2024-09-18T23:58:18 IST" skipped="0">
  <testcase classname="grouping.TestSignUp" name="testSinUpEmail" time="0.012"/>
  <testcase classname="grouping.TestSignUp" name="testSignUpFacebook" time="0.002"/>
</testsuite> <!-- grouping.TestSignUp -->
