<?xml version="1.0" encoding="UTF-8"?>
<!-- Generated by org.testng.reporters.JUnitReportReporter -->
<testsuite hostname="ramesh987" failures="0" tests="5" name="testng3.DependencyMethods" time="0.040" errors="0" timestamp="2024-09-18T23:10:29 IST" skipped="0">
  <testcase classname="testng3.DependencyMethods" name="testOpenApp" time="0.026"/>
  <testcase classname="testng3.DependencyMethods" name="testLogin" time="0.004"/>
  <testcase classname="testng3.DependencyMethods" name="testSearch" time="0.004"/>
  <testcase classname="testng3.DependencyMethods" name="testAdv" time="0.003"/>
  <testcase classname="testng3.DependencyMethods" name="testLogout" time="0.003"/>
</testsuite> <!-- testng3.DependencyMethods -->
